Compilación iniciada a las 23/05/2014 07:45:36 p.m..
     1>Proyecto "C:\Users\Tavo\Documents\GitHub\AngaritaPreciadoEntregaArq\Entrega\Project.vcxproj" en el nodo 2 (build destinos).
     1>InitializeBuildStatus:
         Aplicando tarea Touch a "Debug\Entrega.unsuccessfulbuild".
       _MASM:
         Assembling [Inputs]...
         cmd.exe /C "C:\Users\Tavo\AppData\Local\Temp\tmp5a0c1b2c3ef64e60b9c8d71d17bbf298.cmd"
         ml.exe /c /nologo /Zi /Fo"Debug\main.obj" /Fl".lst" /I "C:\Users\Tavo\Documents\GitHub\AngaritaPreciadoEntregaArq\IrvineExamplesVS2010a" /W3 /errorReport:prompt  /Tamain.asm
       Link:
         c:\Program Files (x86)\Microsoft Visual Studio 10.0\VC\bin\link.exe /ERRORREPORT:PROMPT /OUT:"C:\Users\Tavo\Documents\GitHub\AngaritaPreciadoEntregaArq\Entrega\Debug\Entrega.exe" /NOLOGO /LIBPATH:"C:\Users\Tavo\Downloads\Universidad\Arquitectura\MATERIAL ENSAMBLADOR\IrvineExamplesVS2010a" user32.lib irvine32.lib kernel32.lib user32.lib gdi32.lib winspool.lib comdlg32.lib advapi32.lib shell32.lib ole32.lib oleaut32.lib uuid.lib odbc32.lib odbccp32.lib /MANIFEST /ManifestFile:"Debug\Entrega.exe.intermediate.manifest" /MANIFESTUAC:"level='asInvoker' uiAccess='false'" /DEBUG /PDB:"C:\Users\Tavo\Documents\GitHub\AngaritaPreciadoEntregaArq\Entrega\Debug\Entrega.pdb" /SUBSYSTEM:CONSOLE /TLBID:1 /DYNAMICBASE:NO /IMPLIB:"C:\Users\Tavo\Documents\GitHub\AngaritaPreciadoEntregaArq\Entrega\Debug\Entrega.lib" /MACHINE:X86 Debug\main.obj
         LINK : no se encontró C:\Users\Tavo\Documents\GitHub\AngaritaPreciadoEntregaArq\Entrega\Debug\Entrega.exe o no lo generó el último vínculo incremental; ejecutando vínculo completo
         Project.vcxproj -> C:\Users\Tavo\Documents\GitHub\AngaritaPreciadoEntregaArq\Entrega\Debug\Entrega.exe
       Manifest:
         c:\Program Files (x86)\Microsoft SDKs\Windows\v7.0A\bin\mt.exe /nologo /verbose /outputresource:"C:\Users\Tavo\Documents\GitHub\AngaritaPreciadoEntregaArq\Entrega\Debug\Entrega.exe;#1" /manifest Debug\Entrega.exe.intermediate.manifest
       FinalizeBuildStatus:
         Se eliminará el archivo "Debug\Entrega.unsuccessfulbuild".
         Aplicando tarea Touch a "Debug\Entrega.lastbuildstate".
     1>Compilación del proyecto terminada "C:\Users\Tavo\Documents\GitHub\AngaritaPreciadoEntregaArq\Entrega\Project.vcxproj" (build destinos).

Compilación correcta.

Tiempo transcurrido 00:00:01.21
